{
  "RSpec": {
    "coverage": {
      "/Users/arunk/Code/Projects/AggieExperts/config/environment.rb": [
        null,
        1,
        null,
        null,
        1,
        null
      ],
      "/Users/arunk/Code/Projects/AggieExperts/config/application.rb": [
        1,
        null,
        null,
        1,
        1,
        1,
        1,
        1,
        null,
        null,
        1,
        null,
        1,
        null,
        null,
        null,
        null,
        1,
        1,
        null,
        null,
        null,
        null,
        null,
        null,
        null,
        null,
        null,
        null,
        null,
        null,
        null,
        null,
        null,
        null,
        null,
        null,
        null,
        null,
        null,
        null,
        null,
        1,
        null,
        null,
        1,
        null,
        null,
        1,
        null,
        null,
        null,
        null,
        null,
        null,
        null,
        null,
        null,
        null,
        1,
        null,
        null,
        1,
        null,
        null,
        1,
        null,
        1,
        null,
        null
      ],
      "/Users/arunk/Code/Projects/AggieExperts/config/boot.rb": [
        1,
        null,
        null,
        1,
        null,
        1
      ],
      "/Users/arunk/Code/Projects/AggieExperts/config/environments/test.rb": [
        1,
        null,
        null,
        null,
        null,
        null,
        null,
        1,
        null,
        null,
        1,
        1,
        null,
        null,
        1,
        null,
        null,
        1,
        1,
        null,
        null,
        1,
        null,
        null,
        1,
        null,
        null,
        null,
        null,
        1,
        null,
        null,
        1,
        null,
        null,
        1,
        null
      ],
      "/Users/arunk/Code/Projects/AggieExperts/config/initializers/backtrace_silencers.rb": [
        null,
        null,
        null,
        null,
        null,
        null,
        null
      ],
      "/Users/arunk/Code/Projects/AggieExperts/config/initializers/inflections.rb": [
        null,
        null,
        null,
        null,
        null,
        null,
        null,
        null,
        null,
        null,
        null,
        null,
        null,
        null,
        null,
        null,
        1,
        1,
        null
      ],
      "/Users/arunk/Code/Projects/AggieExperts/config/initializers/mime_types.rb": [
        null,
        null,
        null,
        null,
        null
      ],
      "/Users/arunk/Code/Projects/AggieExperts/config/initializers/secret_token.rb": [
        null,
        null,
        null,
        null,
        null,
        null,
        1
      ],
      "/Users/arunk/Code/Projects/AggieExperts/config/initializers/session_store.rb": [
        null,
        null,
        1,
        null,
        null,
        null,
        null,
        null
      ],
      "/Users/arunk/Code/Projects/AggieExperts/config/initializers/wrap_parameters.rb": [
        null,
        null,
        null,
        null,
        null,
        null,
        1,
        1,
        null,
        null,
        null,
        1,
        1,
        null
      ],
      "/Users/arunk/Code/Projects/AggieExperts/app/controllers/application_controller.rb": [
        1,
        1,
        null
      ],
      "/Users/arunk/Code/Projects/AggieExperts/app/helpers/application_helper.rb": [
        1,
        null
      ],
      "/Users/arunk/Code/Projects/AggieExperts/app/helpers/login_helper.rb": [
        1,
        null
      ],
      "/Users/arunk/Code/Projects/AggieExperts/app/controllers/home_controller.rb": [
        1,
        1,
        null,
        null
      ],
      "/Users/arunk/Code/Projects/AggieExperts/app/controllers/search_controller.rb": [
        1,
        1,
        4,
        4,
        null,
        4,
        3,
        3,
        3,
        2,
        null,
        null,
        null,
        null
      ],
      "/Users/arunk/Code/Projects/AggieExperts/app/controllers/user_controller.rb": [
        1,
        1,
        1,
        1,
        1,
        1,
        null,
        null,
        1,
        0,
        0,
        0,
        0,
        null,
        null,
        1,
        0,
        0,
        null,
        null,
        0,
        null,
        0,
        0,
        null,
        0,
        null,
        null,
        null,
        null
      ],
      "/Users/arunk/Code/Projects/AggieExperts/app/models/user.rb": [
        1,
        1,
        1,
        null
      ],
      "/Users/arunk/Code/Projects/AggieExperts/app/models/keyword.rb": [
        1,
        1,
        1,
        5,
        null,
        null,
        1,
        2,
        null,
        2,
        null,
        null
      ],
      "/Users/arunk/Code/Projects/AggieExperts/app/models/login.rb": [
        1,
        1,
        1,
        0,
        null,
        null
      ],
      "/Users/arunk/Code/Projects/AggieExperts/app/models/pkeyword.rb": [
        1,
        1,
        1,
        null,
        null
      ],
      "/Users/arunk/Code/Projects/AggieExperts/app/models/ppic.rb": [
        1,
        null,
        null
      ],
      "/Users/arunk/Code/Projects/AggieExperts/app/models/ppublication.rb": [
        1,
        1,
        null
      ],
      "/Users/arunk/Code/Projects/AggieExperts/app/models/profile.rb": [
        1,
        1,
        1,
        null,
        1,
        4,
        4,
        null,
        4,
        2,
        2,
        null,
        null,
        4,
        null,
        null,
        1,
        1,
        null,
        null,
        null,
        3,
        null,
        null,
        1,
        1,
        1,
        1,
        1,
        null,
        1,
        null,
        null,
        null
      ],
      "/Users/arunk/Code/Projects/AggieExperts/app/models/status.rb": [
        1,
        1,
        null
      ],
      "/Users/arunk/Code/Projects/AggieExperts/app/models/suser.rb": [
        1,
        null,
        null
      ],
      "/Users/arunk/Code/Projects/AggieExperts/config/routes.rb": [
        1,
        1,
        1,
        1,
        null,
        null,
        null,
        null,
        null,
        null,
        null,
        null,
        null,
        null,
        null,
        null,
        null,
        null,
        null,
        null,
        null,
        null,
        null,
        null,
        null,
        null,
        null,
        null,
        null,
        null,
        null,
        null,
        null,
        null,
        null,
        null,
        null,
        null,
        null,
        null,
        null,
        null,
        null,
        null,
        null,
        null,
        null,
        null,
        null,
        null,
        null,
        null,
        null,
        null,
        null,
        null,
        null,
        null,
        null,
        null,
        null
      ],
      "/Users/arunk/Code/Projects/AggieExperts/spec/controllers/search_controller_spec.rb": [
        1,
        null,
        1,
        1,
        1,
        1,
        1,
        null,
        null,
        1,
        1,
        1,
        1,
        1,
        null,
        null,
        1,
        1,
        1,
        1,
        null,
        1,
        1,
        null,
        1,
        1,
        null,
        null,
        1,
        1,
        1,
        1,
        1,
        null,
        1,
        1,
        1,
        null,
        1,
        1,
        null,
        null,
        null,
        null
      ],
      "/Users/arunk/Code/Projects/AggieExperts/spec/controllers/user_controller_spec.rb": [
        1,
        null,
        1,
        1,
        1,
        1,
        1,
        null,
        null,
        null,
        null,
        null,
        null,
        null,
        null,
        null,
        null,
        null,
        null,
        null,
        null,
        null,
        null,
        null,
        null,
        null
      ],
      "/Users/arunk/Code/Projects/AggieExperts/spec/models/keyword_spec.rb": [
        1,
        1,
        1,
        1,
        1,
        1,
        null,
        null,
        1,
        1,
        null,
        null,
        null
      ],
      "/Users/arunk/Code/Projects/AggieExperts/spec/models/pkeyword_spec.rb": [
        1,
        1,
        null,
        null,
        null
      ],
      "/Users/arunk/Code/Projects/AggieExperts/spec/models/ppic_spec.rb": [
        1,
        1,
        null,
        null,
        null
      ],
      "/Users/arunk/Code/Projects/AggieExperts/spec/models/ppublication_spec.rb": [
        1,
        1,
        null,
        null,
        null
      ],
      "/Users/arunk/Code/Projects/AggieExperts/spec/models/profile_spec.rb": [
        1,
        1,
        1,
        1,
        1,
        1,
        null,
        null,
        1,
        1,
        null,
        null,
        1,
        1,
        null,
        null,
        null
      ],
      "/Users/arunk/Code/Projects/AggieExperts/spec/models/status_spec.rb": [
        1,
        1,
        null,
        null
      ],
      "/Users/arunk/Code/Projects/AggieExperts/spec/models/suser_spec.rb": [
        1,
        1,
        null,
        null
      ],
      "/Users/arunk/Code/Projects/AggieExperts/spec/models/user_spec.rb": [
        1,
        1,
        null,
        null
      ]
    },
    "timestamp": 1415989226
  }
}
